2026-05-25 20:08:58 INFO  com.djm.ecom.EcomApplication - Starting EcomApplication using Java 17.0.14 with PID 3528 (C:\Users\pupul\OneDrive\Desktop\Ecommerce app project\ecom\target\classes started by pupul in C:\Users\pupul\OneDrive\Desktop\Ecommerce app project\ecom)
2026-05-25 20:08:58 INFO  com.djm.ecom.EcomApplication - No active profile set, falling back to 1 default profile: "default"
2026-05-25 20:08:58 INFO  o.s.b.d.e.DevToolsPropertyDefaultsPostProcessor - Devtools property defaults active! Set 'spring.devtools.add-properties' to 'false' to disable
2026-05-25 20:08:58 INFO  o.s.b.d.e.DevToolsPropertyDefaultsPostProcessor - For additional web related logging consider setting the 'logging.level.web' property to 'DEBUG'
2026-05-25 20:08:59 INFO  o.s.d.r.c.RepositoryConfigurationDelegate - Bootstrapping Spring Data JPA repositories in DEFAULT mode.
2026-05-25 20:08:59 INFO  o.s.d.r.c.RepositoryConfigurationDelegate - Finished Spring Data repository scanning in 55 ms. Found 2 JPA repository interfaces.
2026-05-25 20:09:00 INFO  o.s.b.w.e.tomcat.TomcatWebServer - Tomcat initialized with port 8080 (http)
2026-05-25 20:09:00 INFO  o.a.catalina.core.StandardService - Starting service [Tomcat]
2026-05-25 20:09:00 INFO  o.a.catalina.core.StandardEngine - Starting Servlet engine: [Apache Tomcat/10.1.42]
2026-05-25 20:09:00 INFO  o.a.c.c.C.[Tomcat].[localhost].[/] - Initializing Spring embedded WebApplicationContext
2026-05-25 20:09:00 INFO  o.s.b.w.s.c.ServletWebServerApplicationContext - Root WebApplicationContext: initialization completed in 1757 ms
2026-05-25 20:09:01 INFO  o.h.jpa.internal.util.LogHelper - HHH000204: Processing PersistenceUnitInfo [name: default]
2026-05-25 20:09:01 INFO  org.hibernate.Version - HHH000412: Hibernate ORM core version 6.6.18.Final
2026-05-25 20:09:01 INFO  o.h.c.i.RegionFactoryInitiator - HHH000026: Second-level cache disabled
2026-05-25 20:09:01 INFO  o.s.o.j.p.SpringPersistenceUnitInfo - No LoadTimeWeaver setup: ignoring JPA class transformer
2026-05-25 20:09:01 INFO  com.zaxxer.hikari.HikariDataSource - HikariPool-1 - Starting...
2026-05-25 20:09:01 INFO  com.zaxxer.hikari.pool.HikariPool - HikariPool-1 - Added connection com.mysql.cj.jdbc.ConnectionImpl@5eed21b7
2026-05-25 20:09:01 INFO  com.zaxxer.hikari.HikariDataSource - HikariPool-1 - Start completed.
2026-05-25 20:09:02 INFO  o.hibernate.orm.connections.pooling - HHH10001005: Database info:
	Database JDBC URL [Connecting through datasource 'HikariDataSource (HikariPool-1)']
	Database driver: undefined/unknown
	Database version: 9.3
	Autocommit mode: undefined/unknown
	Isolation level: undefined/unknown
	Minimum pool size: undefined/unknown
	Maximum pool size: undefined/unknown
2026-05-25 20:09:02 INFO  o.h.e.t.j.p.i.JtaPlatformInitiator - HHH000489: No JTA platform available (set 'hibernate.transaction.jta.platform' to enable JTA platform integration)
2026-05-25 20:09:02 INFO  o.s.o.j.LocalContainerEntityManagerFactoryBean - Initialized JPA EntityManagerFactory for persistence unit 'default'
2026-05-25 20:09:03 INFO  o.s.s.c.a.a.c.InitializeUserDetailsBeanManagerConfigurer$InitializeUserDetailsManagerConfigurer - Global AuthenticationManager configured with UserDetailsService bean with name customUserDetailsService
2026-05-25 20:09:03 WARN  o.s.b.a.o.j.JpaBaseConfiguration$JpaWebConfiguration - spring.jpa.open-in-view is enabled by default. Therefore, database queries may be performed during view rendering. Explicitly configure spring.jpa.open-in-view to disable this warning
2026-05-25 20:09:05 INFO  o.s.b.d.a.OptionalLiveReloadServer - LiveReload server is running on port 35729
2026-05-25 20:09:05 INFO  o.s.b.w.e.tomcat.TomcatWebServer - Tomcat started on port 8080 (http) with context path '/'
2026-05-25 20:09:05 INFO  com.djm.ecom.EcomApplication - Started EcomApplication in 6.732 seconds (process running for 7.698)
2026-05-25 20:09:41 INFO  o.s.b.w.e.tomcat.GracefulShutdown - Commencing graceful shutdown. Waiting for active requests to complete
2026-05-25 20:09:41 INFO  o.s.b.w.e.tomcat.GracefulShutdown - Graceful shutdown complete
2026-05-25 20:09:41 INFO  o.s.o.j.LocalContainerEntityManagerFactoryBean - Closing JPA EntityManagerFactory for persistence unit 'default'
2026-05-25 20:09:41 INFO  com.zaxxer.hikari.HikariDataSource - HikariPool-1 - Shutdown initiated...
2026-05-25 20:09:41 INFO  com.zaxxer.hikari.HikariDataSource - HikariPool-1 - Shutdown completed.
2026-05-25 20:10:42 INFO  com.djm.ecom.EcomApplication - Starting EcomApplication using Java 17.0.14 with PID 9568 (C:\Users\pupul\OneDrive\Desktop\Ecommerce app project\ecom\target\classes started by pupul in C:\Users\pupul\OneDrive\Desktop\Ecommerce app project\ecom)
2026-05-25 20:10:42 INFO  com.djm.ecom.EcomApplication - No active profile set, falling back to 1 default profile: "default"
2026-05-25 20:10:42 INFO  o.s.b.d.e.DevToolsPropertyDefaultsPostProcessor - Devtools property defaults active! Set 'spring.devtools.add-properties' to 'false' to disable
2026-05-25 20:10:42 INFO  o.s.b.d.e.DevToolsPropertyDefaultsPostProcessor - For additional web related logging consider setting the 'logging.level.web' property to 'DEBUG'
2026-05-25 20:10:43 INFO  o.s.d.r.c.RepositoryConfigurationDelegate - Bootstrapping Spring Data JPA repositories in DEFAULT mode.
2026-05-25 20:10:43 INFO  o.s.d.r.c.RepositoryConfigurationDelegate - Finished Spring Data repository scanning in 56 ms. Found 2 JPA repository interfaces.
2026-05-25 20:10:44 INFO  o.s.b.w.e.tomcat.TomcatWebServer - Tomcat initialized with port 8080 (http)
2026-05-25 20:10:44 INFO  o.a.catalina.core.StandardService - Starting service [Tomcat]
2026-05-25 20:10:44 INFO  o.a.catalina.core.StandardEngine - Starting Servlet engine: [Apache Tomcat/10.1.42]
2026-05-25 20:10:44 INFO  o.a.c.c.C.[Tomcat].[localhost].[/] - Initializing Spring embedded WebApplicationContext
2026-05-25 20:10:44 INFO  o.s.b.w.s.c.ServletWebServerApplicationContext - Root WebApplicationContext: initialization completed in 1580 ms
2026-05-25 20:10:44 INFO  o.h.jpa.internal.util.LogHelper - HHH000204: Processing PersistenceUnitInfo [name: default]
2026-05-25 20:10:44 INFO  org.hibernate.Version - HHH000412: Hibernate ORM core version 6.6.18.Final
2026-05-25 20:10:44 INFO  o.h.c.i.RegionFactoryInitiator - HHH000026: Second-level cache disabled
2026-05-25 20:10:44 INFO  o.s.o.j.p.SpringPersistenceUnitInfo - No LoadTimeWeaver setup: ignoring JPA class transformer
2026-05-25 20:10:44 INFO  com.zaxxer.hikari.HikariDataSource - HikariPool-1 - Starting...
2026-05-25 20:10:45 INFO  com.zaxxer.hikari.pool.HikariPool - HikariPool-1 - Added connection com.mysql.cj.jdbc.ConnectionImpl@530bfede
2026-05-25 20:10:45 INFO  com.zaxxer.hikari.HikariDataSource - HikariPool-1 - Start completed.
2026-05-25 20:10:45 INFO  o.hibernate.orm.connections.pooling - HHH10001005: Database info:
	Database JDBC URL [Connecting through datasource 'HikariDataSource (HikariPool-1)']
	Database driver: undefined/unknown
	Database version: 9.3
	Autocommit mode: undefined/unknown
	Isolation level: undefined/unknown
	Minimum pool size: undefined/unknown
	Maximum pool size: undefined/unknown
2026-05-25 20:10:45 INFO  o.h.e.t.j.p.i.JtaPlatformInitiator - HHH000489: No JTA platform available (set 'hibernate.transaction.jta.platform' to enable JTA platform integration)
2026-05-25 20:10:45 INFO  o.s.o.j.LocalContainerEntityManagerFactoryBean - Initialized JPA EntityManagerFactory for persistence unit 'default'
2026-05-25 20:10:46 INFO  o.s.s.c.a.a.c.InitializeUserDetailsBeanManagerConfigurer$InitializeUserDetailsManagerConfigurer - Global AuthenticationManager configured with UserDetailsService bean with name customUserDetailsService
2026-05-25 20:10:46 WARN  o.s.b.a.o.j.JpaBaseConfiguration$JpaWebConfiguration - spring.jpa.open-in-view is enabled by default. Therefore, database queries may be performed during view rendering. Explicitly configure spring.jpa.open-in-view to disable this warning
2026-05-25 20:10:47 INFO  o.s.b.d.a.OptionalLiveReloadServer - LiveReload server is running on port 35729
2026-05-25 20:10:47 INFO  o.s.b.w.e.tomcat.TomcatWebServer - Tomcat started on port 8080 (http) with context path '/'
2026-05-25 20:10:47 INFO  com.djm.ecom.EcomApplication - Started EcomApplication in 5.769 seconds (process running for 6.122)
2026-05-25 20:11:05 INFO  o.s.b.w.e.tomcat.GracefulShutdown - Commencing graceful shutdown. Waiting for active requests to complete
2026-05-25 20:11:05 INFO  o.s.b.w.e.tomcat.GracefulShutdown - Graceful shutdown complete
2026-05-25 20:11:05 INFO  o.s.o.j.LocalContainerEntityManagerFactoryBean - Closing JPA EntityManagerFactory for persistence unit 'default'
2026-05-25 20:11:05 INFO  com.zaxxer.hikari.HikariDataSource - HikariPool-1 - Shutdown initiated...
2026-05-25 20:11:05 INFO  com.zaxxer.hikari.HikariDataSource - HikariPool-1 - Shutdown completed.
2026-05-25 20:11:42 INFO  com.djm.ecom.EcomApplication - Starting EcomApplication using Java 17.0.14 with PID 13712 (C:\Users\pupul\OneDrive\Desktop\Ecommerce app project\ecom\target\classes started by pupul in C:\Users\pupul\OneDrive\Desktop\Ecommerce app project\ecom)
2026-05-25 20:11:42 INFO  com.djm.ecom.EcomApplication - No active profile set, falling back to 1 default profile: "default"
2026-05-25 20:11:42 INFO  o.s.b.d.e.DevToolsPropertyDefaultsPostProcessor - Devtools property defaults active! Set 'spring.devtools.add-properties' to 'false' to disable
2026-05-25 20:11:42 INFO  o.s.b.d.e.DevToolsPropertyDefaultsPostProcessor - For additional web related logging consider setting the 'logging.level.web' property to 'DEBUG'
2026-05-25 20:11:43 INFO  o.s.d.r.c.RepositoryConfigurationDelegate - Bootstrapping Spring Data JPA repositories in DEFAULT mode.
2026-05-25 20:11:43 INFO  o.s.d.r.c.RepositoryConfigurationDelegate - Finished Spring Data repository scanning in 50 ms. Found 2 JPA repository interfaces.
2026-05-25 20:11:43 INFO  o.s.b.w.e.tomcat.TomcatWebServer - Tomcat initialized with port 8080 (http)
2026-05-25 20:11:44 INFO  o.a.catalina.core.StandardService - Starting service [Tomcat]
2026-05-25 20:11:44 INFO  o.a.catalina.core.StandardEngine - Starting Servlet engine: [Apache Tomcat/10.1.42]
2026-05-25 20:11:44 INFO  o.a.c.c.C.[Tomcat].[localhost].[/] - Initializing Spring embedded WebApplicationContext
2026-05-25 20:11:44 INFO  o.s.b.w.s.c.ServletWebServerApplicationContext - Root WebApplicationContext: initialization completed in 1632 ms
2026-05-25 20:11:44 INFO  o.h.jpa.internal.util.LogHelper - HHH000204: Processing PersistenceUnitInfo [name: default]
2026-05-25 20:11:44 INFO  org.hibernate.Version - HHH000412: Hibernate ORM core version 6.6.18.Final
2026-05-25 20:11:44 INFO  o.h.c.i.RegionFactoryInitiator - HHH000026: Second-level cache disabled
2026-05-25 20:11:44 INFO  o.s.o.j.p.SpringPersistenceUnitInfo - No LoadTimeWeaver setup: ignoring JPA class transformer
2026-05-25 20:11:44 INFO  com.zaxxer.hikari.HikariDataSource - HikariPool-1 - Starting...
2026-05-25 20:11:45 INFO  com.zaxxer.hikari.pool.HikariPool - HikariPool-1 - Added connection com.mysql.cj.jdbc.ConnectionImpl@2739912a
2026-05-25 20:11:45 INFO  com.zaxxer.hikari.HikariDataSource - HikariPool-1 - Start completed.
2026-05-25 20:11:45 INFO  o.hibernate.orm.connections.pooling - HHH10001005: Database info:
	Database JDBC URL [Connecting through datasource 'HikariDataSource (HikariPool-1)']
	Database driver: undefined/unknown
	Database version: 9.3
	Autocommit mode: undefined/unknown
	Isolation level: undefined/unknown
	Minimum pool size: undefined/unknown
	Maximum pool size: undefined/unknown
2026-05-25 20:11:45 INFO  o.h.e.t.j.p.i.JtaPlatformInitiator - HHH000489: No JTA platform available (set 'hibernate.transaction.jta.platform' to enable JTA platform integration)
2026-05-25 20:11:45 INFO  o.s.o.j.LocalContainerEntityManagerFactoryBean - Initialized JPA EntityManagerFactory for persistence unit 'default'
2026-05-25 20:11:46 INFO  o.s.s.c.a.a.c.InitializeUserDetailsBeanManagerConfigurer$InitializeUserDetailsManagerConfigurer - Global AuthenticationManager configured with UserDetailsService bean with name customUserDetailsService
2026-05-25 20:11:46 WARN  o.s.b.a.o.j.JpaBaseConfiguration$JpaWebConfiguration - spring.jpa.open-in-view is enabled by default. Therefore, database queries may be performed during view rendering. Explicitly configure spring.jpa.open-in-view to disable this warning
2026-05-25 20:11:47 INFO  o.s.b.d.a.OptionalLiveReloadServer - LiveReload server is running on port 35729
2026-05-25 20:11:47 INFO  o.s.b.w.e.tomcat.TomcatWebServer - Tomcat started on port 8080 (http) with context path '/'
2026-05-25 20:11:47 INFO  com.djm.ecom.EcomApplication - Started EcomApplication in 5.943 seconds (process running for 6.276)
2026-05-25 20:11:58 INFO  o.s.b.w.e.tomcat.GracefulShutdown - Commencing graceful shutdown. Waiting for active requests to complete
2026-05-25 20:11:58 INFO  o.s.b.w.e.tomcat.GracefulShutdown - Graceful shutdown complete
2026-05-25 20:11:58 INFO  o.s.o.j.LocalContainerEntityManagerFactoryBean - Closing JPA EntityManagerFactory for persistence unit 'default'
2026-05-25 20:11:58 INFO  com.zaxxer.hikari.HikariDataSource - HikariPool-1 - Shutdown initiated...
2026-05-25 20:11:58 INFO  com.zaxxer.hikari.HikariDataSource - HikariPool-1 - Shutdown completed.
2026-05-25 21:39:48 INFO  com.djm.ecom.EcomApplication - Starting EcomApplication using Java 17.0.14 with PID 19996 (C:\Users\pupul\OneDrive\Desktop\Ecommerce app project\ecom\target\classes started by pupul in C:\Users\pupul\OneDrive\Desktop\Ecommerce app project\ecom)
2026-05-25 21:39:48 INFO  com.djm.ecom.EcomApplication - No active profile set, falling back to 1 default profile: "default"
2026-05-25 21:39:48 INFO  o.s.b.d.e.DevToolsPropertyDefaultsPostProcessor - Devtools property defaults active! Set 'spring.devtools.add-properties' to 'false' to disable
2026-05-25 21:39:48 INFO  o.s.b.d.e.DevToolsPropertyDefaultsPostProcessor - For additional web related logging consider setting the 'logging.level.web' property to 'DEBUG'
2026-05-25 21:39:49 INFO  o.s.d.r.c.RepositoryConfigurationDelegate - Bootstrapping Spring Data JPA repositories in DEFAULT mode.
2026-05-25 21:39:49 INFO  o.s.d.r.c.RepositoryConfigurationDelegate - Finished Spring Data repository scanning in 58 ms. Found 3 JPA repository interfaces.
2026-05-25 21:39:49 INFO  o.s.b.w.e.tomcat.TomcatWebServer - Tomcat initialized with port 8080 (http)
2026-05-25 21:39:50 INFO  o.a.catalina.core.StandardService - Starting service [Tomcat]
2026-05-25 21:39:50 INFO  o.a.catalina.core.StandardEngine - Starting Servlet engine: [Apache Tomcat/10.1.42]
2026-05-25 21:39:50 INFO  o.a.c.c.C.[Tomcat].[localhost].[/] - Initializing Spring embedded WebApplicationContext
2026-05-25 21:39:50 INFO  o.s.b.w.s.c.ServletWebServerApplicationContext - Root WebApplicationContext: initialization completed in 1625 ms
2026-05-25 21:39:50 INFO  o.h.jpa.internal.util.LogHelper - HHH000204: Processing PersistenceUnitInfo [name: default]
2026-05-25 21:39:50 INFO  org.hibernate.Version - HHH000412: Hibernate ORM core version 6.6.18.Final
2026-05-25 21:39:50 INFO  o.h.c.i.RegionFactoryInitiator - HHH000026: Second-level cache disabled
2026-05-25 21:39:50 INFO  o.s.o.j.p.SpringPersistenceUnitInfo - No LoadTimeWeaver setup: ignoring JPA class transformer
2026-05-25 21:39:50 INFO  com.zaxxer.hikari.HikariDataSource - HikariPool-1 - Starting...
2026-05-25 21:39:50 INFO  com.zaxxer.hikari.pool.HikariPool - HikariPool-1 - Added connection com.mysql.cj.jdbc.ConnectionImpl@295fb991
2026-05-25 21:39:50 INFO  com.zaxxer.hikari.HikariDataSource - HikariPool-1 - Start completed.
2026-05-25 21:39:50 INFO  o.hibernate.orm.connections.pooling - HHH10001005: Database info:
	Database JDBC URL [Connecting through datasource 'HikariDataSource (HikariPool-1)']
	Database driver: undefined/unknown
	Database version: 9.3
	Autocommit mode: undefined/unknown
	Isolation level: undefined/unknown
	Minimum pool size: undefined/unknown
	Maximum pool size: undefined/unknown
2026-05-25 21:39:51 INFO  o.h.e.t.j.p.i.JtaPlatformInitiator - HHH000489: No JTA platform available (set 'hibernate.transaction.jta.platform' to enable JTA platform integration)
2026-05-25 21:39:51 INFO  o.s.o.j.LocalContainerEntityManagerFactoryBean - Initialized JPA EntityManagerFactory for persistence unit 'default'
2026-05-25 21:39:52 INFO  o.s.s.c.a.a.c.InitializeUserDetailsBeanManagerConfigurer$InitializeUserDetailsManagerConfigurer - Global AuthenticationManager configured with UserDetailsService bean with name customUserDetailsService
2026-05-25 21:39:52 WARN  o.s.b.a.o.j.JpaBaseConfiguration$JpaWebConfiguration - spring.jpa.open-in-view is enabled by default. Therefore, database queries may be performed during view rendering. Explicitly configure spring.jpa.open-in-view to disable this warning
2026-05-25 21:39:53 INFO  o.s.b.d.a.OptionalLiveReloadServer - LiveReload server is running on port 35729
2026-05-25 21:39:53 INFO  o.s.b.w.e.tomcat.TomcatWebServer - Tomcat started on port 8080 (http) with context path '/'
2026-05-25 21:39:53 INFO  com.djm.ecom.EcomApplication - Started EcomApplication in 5.514 seconds (process running for 5.852)
2026-05-25 21:40:03 INFO  o.a.c.c.C.[Tomcat].[localhost].[/] - Initializing Spring DispatcherServlet 'dispatcherServlet'
2026-05-25 21:40:03 INFO  o.s.web.servlet.DispatcherServlet - Initializing Servlet 'dispatcherServlet'
2026-05-25 21:40:03 INFO  o.s.web.servlet.DispatcherServlet - Completed initialization in 1 ms
2026-05-25 21:40:24 INFO  com.djm.ecom.aspect.LoggingAspect - Controller call: class com.djm.ecom.controller.AuthController.login() with arguments =[LoginRequest(email=admin@gmail.com, password=Admin@123)]
2026-05-25 21:40:24 INFO  com.djm.ecom.aspect.LoggingAspect - Service call: class com.djm.ecom.service.AuthServiceImpl.login() with arguments = [LoginRequest(email=admin@gmail.com, password=Admin@123)]
2026-05-25 21:40:24 INFO  com.djm.ecom.aspect.LoggingAspect - Method com.djm.ecom.service.AuthServiceImpl.login() executed successfully. Return =LoginResponse(token=eyJhbGciOiJIUzI1NiJ9.eyJzdWIiOiJhZG1pbkBnbWFpbC5jb20iLCJpYXQiOjE3Nzk3MjU0MjQsImV4cCI6MTc3OTcyOTAyNH0.vMg9ugm4_-3uFRcqZDeldB9N7rW5GSkTkMXn0kRnYkg)
2026-05-25 21:40:24 INFO  com.djm.ecom.aspect.LoggingAspect - Method com.djm.ecom.controller.AuthController.login() executed successfully. Return =<200 OK OK,LoginResponse(token=eyJhbGciOiJIUzI1NiJ9.eyJzdWIiOiJhZG1pbkBnbWFpbC5jb20iLCJpYXQiOjE3Nzk3MjU0MjQsImV4cCI6MTc3OTcyOTAyNH0.vMg9ugm4_-3uFRcqZDeldB9N7rW5GSkTkMXn0kRnYkg),[]>
2026-05-25 21:40:44 WARN  o.s.w.s.m.m.a.ExceptionHandlerExceptionResolver - Resolved [org.springframework.web.servlet.resource.NoResourceFoundException: No static resource api/carts.]
2026-05-25 21:43:58 WARN  o.s.w.s.m.m.a.ExceptionHandlerExceptionResolver - Resolved [org.springframework.web.servlet.resource.NoResourceFoundException: No static resource api/carts.]
2026-05-25 21:46:45 INFO  o.s.b.w.e.tomcat.GracefulShutdown - Commencing graceful shutdown. Waiting for active requests to complete
2026-05-25 21:46:45 INFO  o.s.b.w.e.tomcat.GracefulShutdown - Graceful shutdown complete
2026-05-25 21:46:45 INFO  o.s.o.j.LocalContainerEntityManagerFactoryBean - Closing JPA EntityManagerFactory for persistence unit 'default'
2026-05-25 21:46:45 INFO  com.zaxxer.hikari.HikariDataSource - HikariPool-1 - Shutdown initiated...
2026-05-25 21:46:45 INFO  com.zaxxer.hikari.HikariDataSource - HikariPool-1 - Shutdown completed.
2026-05-25 21:47:05 INFO  com.djm.ecom.EcomApplication - Starting EcomApplication using Java 17.0.14 with PID 13352 (C:\Users\pupul\OneDrive\Desktop\Ecommerce app project\ecom\target\classes started by pupul in C:\Users\pupul\OneDrive\Desktop\Ecommerce app project\ecom)
2026-05-25 21:47:05 INFO  com.djm.ecom.EcomApplication - No active profile set, falling back to 1 default profile: "default"
2026-05-25 21:47:05 INFO  o.s.b.d.e.DevToolsPropertyDefaultsPostProcessor - Devtools property defaults active! Set 'spring.devtools.add-properties' to 'false' to disable
2026-05-25 21:47:05 INFO  o.s.b.d.e.DevToolsPropertyDefaultsPostProcessor - For additional web related logging consider setting the 'logging.level.web' property to 'DEBUG'
2026-05-25 21:47:05 INFO  o.s.d.r.c.RepositoryConfigurationDelegate - Bootstrapping Spring Data JPA repositories in DEFAULT mode.
2026-05-25 21:47:05 INFO  o.s.d.r.c.RepositoryConfigurationDelegate - Finished Spring Data repository scanning in 52 ms. Found 3 JPA repository interfaces.
2026-05-25 21:47:06 INFO  o.s.b.w.e.tomcat.TomcatWebServer - Tomcat initialized with port 8080 (http)
2026-05-25 21:47:06 INFO  o.a.catalina.core.StandardService - Starting service [Tomcat]
2026-05-25 21:47:06 INFO  o.a.catalina.core.StandardEngine - Starting Servlet engine: [Apache Tomcat/10.1.42]
2026-05-25 21:47:06 INFO  o.a.c.c.C.[Tomcat].[localhost].[/] - Initializing Spring embedded WebApplicationContext
2026-05-25 21:47:06 INFO  o.s.b.w.s.c.ServletWebServerApplicationContext - Root WebApplicationContext: initialization completed in 1525 ms
2026-05-25 21:47:06 INFO  o.h.jpa.internal.util.LogHelper - HHH000204: Processing PersistenceUnitInfo [name: default]
2026-05-25 21:47:07 INFO  org.hibernate.Version - HHH000412: Hibernate ORM core version 6.6.18.Final
2026-05-25 21:47:07 INFO  o.h.c.i.RegionFactoryInitiator - HHH000026: Second-level cache disabled
2026-05-25 21:47:07 INFO  o.s.o.j.p.SpringPersistenceUnitInfo - No LoadTimeWeaver setup: ignoring JPA class transformer
2026-05-25 21:47:07 INFO  com.zaxxer.hikari.HikariDataSource - HikariPool-1 - Starting...
2026-05-25 21:47:07 INFO  com.zaxxer.hikari.pool.HikariPool - HikariPool-1 - Added connection com.mysql.cj.jdbc.ConnectionImpl@826c8bb
2026-05-25 21:47:07 INFO  com.zaxxer.hikari.HikariDataSource - HikariPool-1 - Start completed.
2026-05-25 21:47:07 INFO  o.hibernate.orm.connections.pooling - HHH10001005: Database info:
	Database JDBC URL [Connecting through datasource 'HikariDataSource (HikariPool-1)']
	Database driver: undefined/unknown
	Database version: 9.3
	Autocommit mode: undefined/unknown
	Isolation level: undefined/unknown
	Minimum pool size: undefined/unknown
	Maximum pool size: undefined/unknown
2026-05-25 21:47:08 INFO  o.h.e.t.j.p.i.JtaPlatformInitiator - HHH000489: No JTA platform available (set 'hibernate.transaction.jta.platform' to enable JTA platform integration)
2026-05-25 21:47:08 INFO  o.s.o.j.LocalContainerEntityManagerFactoryBean - Initialized JPA EntityManagerFactory for persistence unit 'default'
2026-05-25 21:47:09 INFO  o.s.s.c.a.a.c.InitializeUserDetailsBeanManagerConfigurer$InitializeUserDetailsManagerConfigurer - Global AuthenticationManager configured with UserDetailsService bean with name customUserDetailsService
2026-05-25 21:47:09 WARN  o.s.b.a.o.j.JpaBaseConfiguration$JpaWebConfiguration - spring.jpa.open-in-view is enabled by default. Therefore, database queries may be performed during view rendering. Explicitly configure spring.jpa.open-in-view to disable this warning
2026-05-25 21:47:10 INFO  o.s.b.d.a.OptionalLiveReloadServer - LiveReload server is running on port 35729
2026-05-25 21:47:10 INFO  o.s.b.w.e.tomcat.TomcatWebServer - Tomcat started on port 8080 (http) with context path '/'
2026-05-25 21:47:10 INFO  com.djm.ecom.EcomApplication - Started EcomApplication in 5.583 seconds (process running for 5.903)
2026-05-25 21:47:15 INFO  o.a.c.c.C.[Tomcat].[localhost].[/] - Initializing Spring DispatcherServlet 'dispatcherServlet'
2026-05-25 21:47:15 INFO  o.s.web.servlet.DispatcherServlet - Initializing Servlet 'dispatcherServlet'
2026-05-25 21:47:15 INFO  o.s.web.servlet.DispatcherServlet - Completed initialization in 1 ms
2026-05-25 21:47:15 WARN  o.s.w.s.m.m.a.ExceptionHandlerExceptionResolver - Resolved [org.springframework.web.servlet.resource.NoResourceFoundException: No static resource api/carts.]
2026-05-25 21:47:17 WARN  o.s.w.s.m.m.a.ExceptionHandlerExceptionResolver - Resolved [org.springframework.web.servlet.resource.NoResourceFoundException: No static resource api/carts.]
2026-05-25 21:47:38 WARN  o.s.w.s.m.m.a.ExceptionHandlerExceptionResolver - Resolved [org.springframework.web.servlet.resource.NoResourceFoundException: No static resource api/carts/me.]
2026-05-25 21:47:44 WARN  o.s.w.s.m.m.a.ExceptionHandlerExceptionResolver - Resolved [org.springframework.web.servlet.resource.NoResourceFoundException: No static resource api/carts.]
2026-05-25 21:47:51 INFO  com.djm.ecom.aspect.LoggingAspect - Controller call: class com.djm.ecom.controller.ProductController.getProduct() with arguments =[13]
2026-05-25 21:47:51 INFO  com.djm.ecom.aspect.LoggingAspect - Service call: class com.djm.ecom.service.ProductServiceImpl.getProduct() with arguments = [13]
2026-05-25 21:47:51 INFO  com.djm.ecom.aspect.LoggingAspect - Method com.djm.ecom.service.ProductServiceImpl.getProduct() executed successfully. Return =ProductCreationResponse(id=13, name=External SSD 1TB, description=Portable high-speed SSD storage, price=8999.99, quantity=35)
2026-05-25 21:47:51 INFO  com.djm.ecom.aspect.LoggingAspect - Method com.djm.ecom.controller.ProductController.getProduct() executed successfully. Return =<200 OK OK,ProductCreationResponse(id=13, name=External SSD 1TB, description=Portable high-speed SSD storage, price=8999.99, quantity=35),[]>
2026-05-25 21:47:58 WARN  o.s.w.s.m.m.a.ExceptionHandlerExceptionResolver - Resolved [org.springframework.web.servlet.resource.NoResourceFoundException: No static resource api.]
2026-05-25 21:48:11 ERROR o.a.c.c.C.[.[.[.[dispatcherServlet] - Servlet.service() for servlet [dispatcherServlet] in context with path [] threw exception
io.jsonwebtoken.security.SignatureException: JWT signature does not match locally computed signature. JWT validity cannot be asserted and should not be trusted.
	at io.jsonwebtoken.impl.DefaultJwtParser.parse(DefaultJwtParser.java:399)
	at io.jsonwebtoken.impl.DefaultJwtParser.parse(DefaultJwtParser.java:529)
	at io.jsonwebtoken.impl.DefaultJwtParser.parseClaimsJws(DefaultJwtParser.java:589)
	at io.jsonwebtoken.impl.ImmutableJwtParser.parseClaimsJws(ImmutableJwtParser.java:173)
	at com.djm.ecom.security.JwtService.extractAllClaims(JwtService.java:41)
	at com.djm.ecom.security.JwtService.extractUsername(JwtService.java:50)
	at com.djm.ecom.security.JwtAuthenticationFilter.doFilterInternal(JwtAuthenticationFilter.java:58)
	at org.springframework.web.filter.OncePerRequestFilter.doFilter(OncePerRequestFilter.java:116)
	at org.springframework.security.web.FilterChainProxy$VirtualFilterChain.doFilter(FilterChainProxy.java:374)
	at org.springframework.security.web.authentication.logout.LogoutFilter.doFilter(LogoutFilter.java:107)
	at org.springframework.security.web.authentication.logout.LogoutFilter.doFilter(LogoutFilter.java:93)
	at org.springframework.security.web.FilterChainProxy$VirtualFilterChain.doFilter(FilterChainProxy.java:374)
	at org.springframework.security.web.header.HeaderWriterFilter.doHeadersAfter(HeaderWriterFilter.java:90)
	at org.springframework.security.web.header.HeaderWriterFilter.doFilterInternal(HeaderWriterFilter.java:75)
	at org.springframework.web.filter.OncePerRequestFilter.doFilter(OncePerRequestFilter.java:116)
	at org.springframework.security.web.FilterChainProxy$VirtualFilterChain.doFilter(FilterChainProxy.java:374)
	at org.springframework.security.web.context.SecurityContextHolderFilter.doFilter(SecurityContextHolderFilter.java:82)
	at org.springframework.security.web.context.SecurityContextHolderFilter.doFilter(SecurityContextHolderFilter.java:69)
	at org.springframework.security.web.FilterChainProxy$VirtualFilterChain.doFilter(FilterChainProxy.java:374)
	at org.springframework.security.web.context.request.async.WebAsyncManagerIntegrationFilter.doFilterInternal(WebAsyncManagerIntegrationFilter.java:62)
	at org.springframework.web.filter.OncePerRequestFilter.doFilter(OncePerRequestFilter.java:116)
	at org.springframework.security.web.FilterChainProxy$VirtualFilterChain.doFilter(FilterChainProxy.java:374)
	at org.springframework.security.web.session.DisableEncodeUrlFilter.doFilterInternal(DisableEncodeUrlFilter.java:42)
	at org.springframework.web.filter.OncePerRequestFilter.doFilter(OncePerRequestFilter.java:116)
	at org.springframework.security.web.FilterChainProxy$VirtualFilterChain.doFilter(FilterChainProxy.java:374)
	at org.springframework.security.web.FilterChainProxy.doFilterInternal(FilterChainProxy.java:233)
	at org.springframework.security.web.FilterChainProxy.doFilter(FilterChainProxy.java:191)
	at org.springframework.web.filter.CompositeFilter$VirtualFilterChain.doFilter(CompositeFilter.java:113)
	at org.springframework.web.filter.ServletRequestPathFilter.doFilter(ServletRequestPathFilter.java:52)
	at org.springframework.web.filter.CompositeFilter$VirtualFilterChain.doFilter(CompositeFilter.java:113)
	at org.springframework.web.filter.CompositeFilter.doFilter(CompositeFilter.java:74)
	at org.springframework.security.config.annotation.web.configuration.WebSecurityConfiguration$CompositeFilterChainProxy.doFilter(WebSecurityConfiguration.java:319)
	at org.springframework.web.filter.CompositeFilter$VirtualFilterChain.doFilter(CompositeFilter.java:113)
	at org.springframework.web.servlet.handler.HandlerMappingIntrospector.lambda$createCacheFilter$4(HandlerMappingIntrospector.java:267)
	at org.springframework.web.filter.CompositeFilter$VirtualFilterChain.doFilter(CompositeFilter.java:113)
	at org.springframework.web.filter.CompositeFilter.doFilter(CompositeFilter.java:74)
	at org.springframework.security.config.annotation.web.configuration.WebMvcSecurityConfiguration$CompositeFilterChainProxy.doFilter(WebMvcSecurityConfiguration.java:240)
	at org.springframework.web.filter.DelegatingFilterProxy.invokeDelegate(DelegatingFilterProxy.java:362)
	at org.springframework.web.filter.DelegatingFilterProxy.doFilter(DelegatingFilterProxy.java:278)
	at org.apache.catalina.core.ApplicationFilterChain.internalDoFilter(ApplicationFilterChain.java:164)
	at org.apache.catalina.core.ApplicationFilterChain.doFilter(ApplicationFilterChain.java:140)
	at org.springframework.web.filter.RequestContextFilter.doFilterInternal(RequestContextFilter.java:100)
	at org.springframework.web.filter.OncePerRequestFilter.doFilter(OncePerRequestFilter.java:116)
	at org.apache.catalina.core.ApplicationFilterChain.internalDoFilter(ApplicationFilterChain.java:164)
	at org.apache.catalina.core.ApplicationFilterChain.doFilter(ApplicationFilterChain.java:140)
	at org.springframework.web.filter.FormContentFilter.doFilterInternal(FormContentFilter.java:93)
	at org.springframework.web.filter.OncePerRequestFilter.doFilter(OncePerRequestFilter.java:116)
	at org.apache.catalina.core.ApplicationFilterChain.internalDoFilter(ApplicationFilterChain.java:164)
	at org.apache.catalina.core.ApplicationFilterChain.doFilter(ApplicationFilterChain.java:140)
	at org.springframework.web.filter.CharacterEncodingFilter.doFilterInternal(CharacterEncodingFilter.java:201)
	at org.springframework.web.filter.OncePerRequestFilter.doFilter(OncePerRequestFilter.java:116)
	at org.apache.catalina.core.ApplicationFilterChain.internalDoFilter(ApplicationFilterChain.java:164)
	at org.apache.catalina.core.ApplicationFilterChain.doFilter(ApplicationFilterChain.java:140)
	at org.apache.catalina.core.StandardWrapperValve.invoke(StandardWrapperValve.java:167)
	at org.apache.catalina.core.StandardContextValve.invoke(StandardContextValve.java:90)
	at org.apache.catalina.authenticator.AuthenticatorBase.invoke(AuthenticatorBase.java:483)
	at org.apache.catalina.core.StandardHostValve.invoke(StandardHostValve.java:116)
	at org.apache.catalina.valves.ErrorReportValve.invoke(ErrorReportValve.java:93)
	at org.apache.catalina.core.StandardEngineValve.invoke(StandardEngineValve.java:74)
	at org.apache.catalina.connector.CoyoteAdapter.service(CoyoteAdapter.java:344)
	at org.apache.coyote.http11.Http11Processor.service(Http11Processor.java:398)
	at org.apache.coyote.AbstractProcessorLight.process(AbstractProcessorLight.java:63)
	at org.apache.coyote.AbstractProtocol$ConnectionHandler.process(AbstractProtocol.java:903)
	at org.apache.tomcat.util.net.NioEndpoint$SocketProcessor.doRun(NioEndpoint.java:1769)
	at org.apache.tomcat.util.net.SocketProcessorBase.run(SocketProcessorBase.java:52)
	at org.apache.tomcat.util.threads.ThreadPoolExecutor.runWorker(ThreadPoolExecutor.java:1189)
	at org.apache.tomcat.util.threads.ThreadPoolExecutor$Worker.run(ThreadPoolExecutor.java:658)
	at org.apache.tomcat.util.threads.TaskThread$WrappingRunnable.run(TaskThread.java:63)
	at java.base/java.lang.Thread.run(Thread.java:840)
2026-05-25 21:48:14 WARN  o.s.w.s.m.m.a.ExceptionHandlerExceptionResolver - Resolved [org.springframework.web.servlet.resource.NoResourceFoundException: No static resource api/carts.]
2026-05-25 21:48:36 INFO  o.s.b.w.e.tomcat.GracefulShutdown - Commencing graceful shutdown. Waiting for active requests to complete
2026-05-25 21:48:36 INFO  o.s.b.w.e.tomcat.GracefulShutdown - Graceful shutdown complete
2026-05-25 21:48:36 INFO  o.s.o.j.LocalContainerEntityManagerFactoryBean - Closing JPA EntityManagerFactory for persistence unit 'default'
2026-05-25 21:48:36 INFO  com.zaxxer.hikari.HikariDataSource - HikariPool-1 - Shutdown initiated...
2026-05-25 21:48:36 INFO  com.zaxxer.hikari.HikariDataSource - HikariPool-1 - Shutdown completed.
2026-05-25 21:49:18 INFO  com.djm.ecom.EcomApplication - Starting EcomApplication using Java 17.0.14 with PID 3036 (C:\Users\pupul\OneDrive\Desktop\Ecommerce app project\ecom\target\classes started by pupul in C:\Users\pupul\OneDrive\Desktop\Ecommerce app project\ecom)
2026-05-25 21:49:18 INFO  com.djm.ecom.EcomApplication - No active profile set, falling back to 1 default profile: "default"
2026-05-25 21:49:18 INFO  o.s.b.d.e.DevToolsPropertyDefaultsPostProcessor - Devtools property defaults active! Set 'spring.devtools.add-properties' to 'false' to disable
2026-05-25 21:49:18 INFO  o.s.b.d.e.DevToolsPropertyDefaultsPostProcessor - For additional web related logging consider setting the 'logging.level.web' property to 'DEBUG'
2026-05-25 21:49:19 INFO  o.s.d.r.c.RepositoryConfigurationDelegate - Bootstrapping Spring Data JPA repositories in DEFAULT mode.
2026-05-25 21:49:19 INFO  o.s.d.r.c.RepositoryConfigurationDelegate - Finished Spring Data repository scanning in 52 ms. Found 3 JPA repository interfaces.
2026-05-25 21:49:19 INFO  o.s.b.w.e.tomcat.TomcatWebServer - Tomcat initialized with port 8080 (http)
2026-05-25 21:49:19 INFO  o.a.catalina.core.StandardService - Starting service [Tomcat]
2026-05-25 21:49:19 INFO  o.a.catalina.core.StandardEngine - Starting Servlet engine: [Apache Tomcat/10.1.42]
2026-05-25 21:49:19 INFO  o.a.c.c.C.[Tomcat].[localhost].[/] - Initializing Spring embedded WebApplicationContext
2026-05-25 21:49:19 INFO  o.s.b.w.s.c.ServletWebServerApplicationContext - Root WebApplicationContext: initialization completed in 1507 ms
2026-05-25 21:49:20 INFO  o.h.jpa.internal.util.LogHelper - HHH000204: Processing PersistenceUnitInfo [name: default]
2026-05-25 21:49:20 INFO  org.hibernate.Version - HHH000412: Hibernate ORM core version 6.6.18.Final
2026-05-25 21:49:20 INFO  o.h.c.i.RegionFactoryInitiator - HHH000026: Second-level cache disabled
2026-05-25 21:49:20 INFO  o.s.o.j.p.SpringPersistenceUnitInfo - No LoadTimeWeaver setup: ignoring JPA class transformer
2026-05-25 21:49:20 INFO  com.zaxxer.hikari.HikariDataSource - HikariPool-1 - Starting...
2026-05-25 21:49:20 INFO  com.zaxxer.hikari.pool.HikariPool - HikariPool-1 - Added connection com.mysql.cj.jdbc.ConnectionImpl@81cc07d
2026-05-25 21:49:20 INFO  com.zaxxer.hikari.HikariDataSource - HikariPool-1 - Start completed.
2026-05-25 21:49:20 INFO  o.hibernate.orm.connections.pooling - HHH10001005: Database info:
	Database JDBC URL [Connecting through datasource 'HikariDataSource (HikariPool-1)']
	Database driver: undefined/unknown
	Database version: 9.3
	Autocommit mode: undefined/unknown
	Isolation level: undefined/unknown
	Minimum pool size: undefined/unknown
	Maximum pool size: undefined/unknown
2026-05-25 21:49:21 INFO  o.h.e.t.j.p.i.JtaPlatformInitiator - HHH000489: No JTA platform available (set 'hibernate.transaction.jta.platform' to enable JTA platform integration)
2026-05-25 21:49:21 INFO  o.s.o.j.LocalContainerEntityManagerFactoryBean - Initialized JPA EntityManagerFactory for persistence unit 'default'
2026-05-25 21:49:22 INFO  o.s.s.c.a.a.c.InitializeUserDetailsBeanManagerConfigurer$InitializeUserDetailsManagerConfigurer - Global AuthenticationManager configured with UserDetailsService bean with name customUserDetailsService
2026-05-25 21:49:22 WARN  o.s.b.a.o.j.JpaBaseConfiguration$JpaWebConfiguration - spring.jpa.open-in-view is enabled by default. Therefore, database queries may be performed during view rendering. Explicitly configure spring.jpa.open-in-view to disable this warning
2026-05-25 21:49:23 INFO  o.s.b.d.a.OptionalLiveReloadServer - LiveReload server is running on port 35729
2026-05-25 21:49:23 INFO  o.s.b.w.e.tomcat.TomcatWebServer - Tomcat started on port 8080 (http) with context path '/'
2026-05-25 21:49:23 INFO  com.djm.ecom.EcomApplication - Started EcomApplication in 5.594 seconds (process running for 5.926)
2026-05-25 21:49:29 INFO  o.a.c.c.C.[Tomcat].[localhost].[/] - Initializing Spring DispatcherServlet 'dispatcherServlet'
2026-05-25 21:49:29 INFO  o.s.web.servlet.DispatcherServlet - Initializing Servlet 'dispatcherServlet'
2026-05-25 21:49:29 INFO  o.s.web.servlet.DispatcherServlet - Completed initialization in 1 ms
2026-05-25 21:49:29 INFO  com.djm.ecom.aspect.LoggingAspect - Controller call: class com.djm.ecom.controller.CartController.getCart() with arguments =[]
2026-05-25 21:49:29 INFO  com.djm.ecom.aspect.LoggingAspect - Service call: class com.djm.ecom.service.CartServiceImpl.getCart() with arguments = []
2026-05-25 21:49:29 INFO  com.djm.ecom.aspect.LoggingAspect - Method com.djm.ecom.service.CartServiceImpl.getCart() executed successfully. Return =com.djm.ecom.dto.CartResponse@43f8a3b9
2026-05-25 21:49:29 INFO  com.djm.ecom.aspect.LoggingAspect - Method com.djm.ecom.controller.CartController.getCart() executed successfully. Return =<200 OK OK,com.djm.ecom.dto.CartResponse@43f8a3b9,[]>
2026-05-25 21:50:15 INFO  com.djm.ecom.aspect.LoggingAspect - Controller call: class com.djm.ecom.controller.AuthController.login() with arguments =[LoginRequest(email=pupul@gmail.com, password=Djm@1999)]
2026-05-25 21:50:15 INFO  com.djm.ecom.aspect.LoggingAspect - Service call: class com.djm.ecom.service.AuthServiceImpl.login() with arguments = [LoginRequest(email=pupul@gmail.com, password=Djm@1999)]
2026-05-25 21:50:15 INFO  com.djm.ecom.aspect.LoggingAspect - Method com.djm.ecom.service.AuthServiceImpl.login() executed successfully. Return =LoginResponse(token=eyJhbGciOiJIUzI1NiJ9.eyJzdWIiOiJwdXB1bEBnbWFpbC5jb20iLCJpYXQiOjE3Nzk3MjYwMTUsImV4cCI6MTc3OTcyOTYxNX0.EAsV3d82z5CYQlLqdpjAdWOb7ogL2_D7E3qI8ITg4FU)
2026-05-25 21:50:15 INFO  com.djm.ecom.aspect.LoggingAspect - Method com.djm.ecom.controller.AuthController.login() executed successfully. Return =<200 OK OK,LoginResponse(token=eyJhbGciOiJIUzI1NiJ9.eyJzdWIiOiJwdXB1bEBnbWFpbC5jb20iLCJpYXQiOjE3Nzk3MjYwMTUsImV4cCI6MTc3OTcyOTYxNX0.EAsV3d82z5CYQlLqdpjAdWOb7ogL2_D7E3qI8ITg4FU),[]>
2026-05-25 21:50:27 INFO  com.djm.ecom.aspect.LoggingAspect - Controller call: class com.djm.ecom.controller.CartController.getCart() with arguments =[]
2026-05-25 21:50:27 INFO  com.djm.ecom.aspect.LoggingAspect - Service call: class com.djm.ecom.service.CartServiceImpl.getCart() with arguments = []
2026-05-25 21:50:27 INFO  com.djm.ecom.aspect.LoggingAspect - Method com.djm.ecom.service.CartServiceImpl.getCart() executed successfully. Return =com.djm.ecom.dto.CartResponse@56bf1fba
2026-05-25 21:50:27 INFO  com.djm.ecom.aspect.LoggingAspect - Method com.djm.ecom.controller.CartController.getCart() executed successfully. Return =<200 OK OK,com.djm.ecom.dto.CartResponse@56bf1fba,[]>
2026-05-25 21:50:38 INFO  com.djm.ecom.aspect.LoggingAspect - Controller call: class com.djm.ecom.controller.CartController.getCart() with arguments =[]
2026-05-25 21:50:38 INFO  com.djm.ecom.aspect.LoggingAspect - Service call: class com.djm.ecom.service.CartServiceImpl.getCart() with arguments = []
2026-05-25 21:50:38 INFO  com.djm.ecom.aspect.LoggingAspect - Method com.djm.ecom.service.CartServiceImpl.getCart() executed successfully. Return =com.djm.ecom.dto.CartResponse@4c8050c4
2026-05-25 21:50:38 INFO  com.djm.ecom.aspect.LoggingAspect - Method com.djm.ecom.controller.CartController.getCart() executed successfully. Return =<200 OK OK,com.djm.ecom.dto.CartResponse@4c8050c4,[]>
2026-05-25 21:50:38 INFO  com.djm.ecom.aspect.LoggingAspect - Controller call: class com.djm.ecom.controller.CartController.getCart() with arguments =[]
2026-05-25 21:50:38 INFO  com.djm.ecom.aspect.LoggingAspect - Service call: class com.djm.ecom.service.CartServiceImpl.getCart() with arguments = []
2026-05-25 21:50:38 INFO  com.djm.ecom.aspect.LoggingAspect - Method com.djm.ecom.service.CartServiceImpl.getCart() executed successfully. Return =com.djm.ecom.dto.CartResponse@58a21dae
2026-05-25 21:50:38 INFO  com.djm.ecom.aspect.LoggingAspect - Method com.djm.ecom.controller.CartController.getCart() executed successfully. Return =<200 OK OK,com.djm.ecom.dto.CartResponse@58a21dae,[]>
2026-05-25 21:51:45 WARN  o.s.w.s.m.m.a.ExceptionHandlerExceptionResolver - Resolved [org.springframework.web.servlet.resource.NoResourceFoundException: No static resource api/cart.]
2026-05-25 21:51:47 INFO  com.djm.ecom.aspect.LoggingAspect - Controller call: class com.djm.ecom.controller.CartController.getCart() with arguments =[]
2026-05-25 21:51:47 INFO  com.djm.ecom.aspect.LoggingAspect - Service call: class com.djm.ecom.service.CartServiceImpl.getCart() with arguments = []
2026-05-25 21:51:47 INFO  com.djm.ecom.aspect.LoggingAspect - Method com.djm.ecom.service.CartServiceImpl.getCart() executed successfully. Return =com.djm.ecom.dto.CartResponse@27dac67c
2026-05-25 21:51:47 INFO  com.djm.ecom.aspect.LoggingAspect - Method com.djm.ecom.controller.CartController.getCart() executed successfully. Return =<200 OK OK,com.djm.ecom.dto.CartResponse@27dac67c,[]>
2026-05-25 21:52:27 INFO  o.s.b.w.e.tomcat.GracefulShutdown - Commencing graceful shutdown. Waiting for active requests to complete
2026-05-25 21:52:27 INFO  o.s.b.w.e.tomcat.GracefulShutdown - Graceful shutdown complete
2026-05-25 21:52:27 INFO  o.s.o.j.LocalContainerEntityManagerFactoryBean - Closing JPA EntityManagerFactory for persistence unit 'default'
2026-05-25 21:52:27 INFO  com.zaxxer.hikari.HikariDataSource - HikariPool-1 - Shutdown initiated...
2026-05-25 21:52:27 INFO  com.zaxxer.hikari.HikariDataSource - HikariPool-1 - Shutdown completed.
